2022-02-26 17:09:59 - PHP Unknown:  Return type of Twig\Node\Node::count() should either be compatible with Countable::count(): int, or the #[\ReturnTypeWillChange] attribute should be used to temporarily suppress the notice in C:\xampp\htdocs\opencart\system\storage\vendor\twig\twig\src\Node\Node.php on line 161
2022-02-26 17:09:59 - PHP Unknown:  Return type of Twig\Node\Node::getIterator() should either be compatible with IteratorAggregate::getIterator(): Traversable, or the #[\ReturnTypeWillChange] attribute should be used to temporarily suppress the notice in C:\xampp\htdocs\opencart\system\storage\vendor\twig\twig\src\Node\Node.php on line 166
2022-02-26 17:10:02 - PHP Unknown:  Return type of Twig\Node\Node::count() should either be compatible with Countable::count(): int, or the #[\ReturnTypeWillChange] attribute should be used to temporarily suppress the notice in C:\xampp\htdocs\opencart\system\storage\vendor\twig\twig\src\Node\Node.php on line 161
2022-02-26 17:10:02 - PHP Unknown:  Return type of Twig\Node\Node::getIterator() should either be compatible with IteratorAggregate::getIterator(): Traversable, or the #[\ReturnTypeWillChange] attribute should be used to temporarily suppress the notice in C:\xampp\htdocs\opencart\system\storage\vendor\twig\twig\src\Node\Node.php on line 166
2022-02-26 17:10:58 - PHP Unknown:  Return type of Twig\Node\Node::count() should either be compatible with Countable::count(): int, or the #[\ReturnTypeWillChange] attribute should be used to temporarily suppress the notice in C:\xampp\htdocs\opencart\system\storage\vendor\twig\twig\src\Node\Node.php on line 161
2022-02-26 17:10:58 - PHP Unknown:  Return type of Twig\Node\Node::getIterator() should either be compatible with IteratorAggregate::getIterator(): Traversable, or the #[\ReturnTypeWillChange] attribute should be used to temporarily suppress the notice in C:\xampp\htdocs\opencart\system\storage\vendor\twig\twig\src\Node\Node.php on line 166
2022-02-26 17:12:43 - PHP Unknown:  Return type of Twig\Node\Node::count() should either be compatible with Countable::count(): int, or the #[\ReturnTypeWillChange] attribute should be used to temporarily suppress the notice in C:\xampp\htdocs\opencart\system\storage\vendor\twig\twig\src\Node\Node.php on line 161
2022-02-26 17:12:43 - PHP Unknown:  Return type of Twig\Node\Node::getIterator() should either be compatible with IteratorAggregate::getIterator(): Traversable, or the #[\ReturnTypeWillChange] attribute should be used to temporarily suppress the notice in C:\xampp\htdocs\opencart\system\storage\vendor\twig\twig\src\Node\Node.php on line 166
2022-02-26 17:14:10 - PHP Unknown:  Return type of Twig\Node\Node::count() should either be compatible with Countable::count(): int, or the #[\ReturnTypeWillChange] attribute should be used to temporarily suppress the notice in C:\xampp\htdocs\opencart\system\storage\vendor\twig\twig\src\Node\Node.php on line 161
2022-02-26 17:14:10 - PHP Unknown:  Return type of Twig\Node\Node::getIterator() should either be compatible with IteratorAggregate::getIterator(): Traversable, or the #[\ReturnTypeWillChange] attribute should be used to temporarily suppress the notice in C:\xampp\htdocs\opencart\system\storage\vendor\twig\twig\src\Node\Node.php on line 166
2022-02-26 17:14:18 - PHP Unknown:  Automatic conversion of false to array is deprecated in C:\xampp\htdocs\opencart\system\library\cart\user.php on line 43
2022-02-26 17:14:18 - PHP Unknown:  Return type of Twig\Node\Node::count() should either be compatible with Countable::count(): int, or the #[\ReturnTypeWillChange] attribute should be used to temporarily suppress the notice in C:\xampp\htdocs\opencart\system\storage\vendor\twig\twig\src\Node\Node.php on line 161
2022-02-26 17:14:18 - PHP Unknown:  Return type of Twig\Node\Node::getIterator() should either be compatible with IteratorAggregate::getIterator(): Traversable, or the #[\ReturnTypeWillChange] attribute should be used to temporarily suppress the notice in C:\xampp\htdocs\opencart\system\storage\vendor\twig\twig\src\Node\Node.php on line 166
2022-02-26 17:14:19 - PHP Unknown:  round(): Passing null to parameter #1 ($num) of type int|float is deprecated in C:\xampp\htdocs\opencart\admin\controller\extension\dashboard\sale.php on line 116
2022-02-26 17:15:13 - PHP Unknown:  mysqli::real_escape_string(): Passing null to parameter #1 ($string) of type string is deprecated in C:\xampp\htdocs\opencart\system\library\db\mysqli.php on line 53
2022-02-26 17:15:13 - PHP Unknown:  Return type of Twig\Node\Node::count() should either be compatible with Countable::count(): int, or the #[\ReturnTypeWillChange] attribute should be used to temporarily suppress the notice in C:\xampp\htdocs\opencart\system\storage\vendor\twig\twig\src\Node\Node.php on line 161
2022-02-26 17:15:13 - PHP Unknown:  Return type of Twig\Node\Node::getIterator() should either be compatible with IteratorAggregate::getIterator(): Traversable, or the #[\ReturnTypeWillChange] attribute should be used to temporarily suppress the notice in C:\xampp\htdocs\opencart\system\storage\vendor\twig\twig\src\Node\Node.php on line 166
2022-02-26 17:15:13 - PHP Unknown:  round(): Passing null to parameter #1 ($num) of type int|float is deprecated in C:\xampp\htdocs\opencart\catalog\model\catalog\product.php on line 45
2022-02-26 17:15:13 - PHP Unknown:  round(): Passing null to parameter #1 ($num) of type int|float is deprecated in C:\xampp\htdocs\opencart\catalog\model\catalog\product.php on line 45
2022-02-26 17:15:13 - PHP Unknown:  round(): Passing null to parameter #1 ($num) of type int|float is deprecated in C:\xampp\htdocs\opencart\catalog\model\catalog\product.php on line 45
2022-02-26 17:15:13 - PHP Unknown:  round(): Passing null to parameter #1 ($num) of type int|float is deprecated in C:\xampp\htdocs\opencart\catalog\model\catalog\product.php on line 45
2022-02-26 17:15:35 - PHP Unknown:  Return type of Twig\Node\Node::count() should either be compatible with Countable::count(): int, or the #[\ReturnTypeWillChange] attribute should be used to temporarily suppress the notice in C:\xampp\htdocs\opencart\system\storage\vendor\twig\twig\src\Node\Node.php on line 161
2022-02-26 17:15:35 - PHP Unknown:  Return type of Twig\Node\Node::getIterator() should either be compatible with IteratorAggregate::getIterator(): Traversable, or the #[\ReturnTypeWillChange] attribute should be used to temporarily suppress the notice in C:\xampp\htdocs\opencart\system\storage\vendor\twig\twig\src\Node\Node.php on line 166
2022-02-26 17:15:58 - PHP Unknown:  Return type of Twig\Node\Node::count() should either be compatible with Countable::count(): int, or the #[\ReturnTypeWillChange] attribute should be used to temporarily suppress the notice in C:\xampp\htdocs\opencart\system\storage\vendor\twig\twig\src\Node\Node.php on line 161
2022-02-26 17:15:58 - PHP Unknown:  Return type of Twig\Node\Node::getIterator() should either be compatible with IteratorAggregate::getIterator(): Traversable, or the #[\ReturnTypeWillChange] attribute should be used to temporarily suppress the notice in C:\xampp\htdocs\opencart\system\storage\vendor\twig\twig\src\Node\Node.php on line 166
2022-02-26 17:39:42 - PHP Unknown:  round(): Passing null to parameter #1 ($num) of type int|float is deprecated in C:\xampp\htdocs\opencart\admin\controller\extension\dashboard\sale.php on line 116
2022-02-26 17:48:25 - PHP Unknown:  Return type of Twig\Node\Node::count() should either be compatible with Countable::count(): int, or the #[\ReturnTypeWillChange] attribute should be used to temporarily suppress the notice in C:\xampp\htdocs\opencart\system\storage\vendor\twig\twig\src\Node\Node.php on line 161
2022-02-26 17:48:25 - PHP Unknown:  Return type of Twig\Node\Node::getIterator() should either be compatible with IteratorAggregate::getIterator(): Traversable, or the #[\ReturnTypeWillChange] attribute should be used to temporarily suppress the notice in C:\xampp\htdocs\opencart\system\storage\vendor\twig\twig\src\Node\Node.php on line 166
2022-02-26 17:48:30 - PHP Unknown:  Return type of Twig\Node\Node::count() should either be compatible with Countable::count(): int, or the #[\ReturnTypeWillChange] attribute should be used to temporarily suppress the notice in C:\xampp\htdocs\opencart\system\storage\vendor\twig\twig\src\Node\Node.php on line 161
2022-02-26 17:48:30 - PHP Unknown:  Return type of Twig\Node\Node::getIterator() should either be compatible with IteratorAggregate::getIterator(): Traversable, or the #[\ReturnTypeWillChange] attribute should be used to temporarily suppress the notice in C:\xampp\htdocs\opencart\system\storage\vendor\twig\twig\src\Node\Node.php on line 166
2022-02-26 17:49:50 - PHP Unknown:  Return type of Twig\Node\Node::count() should either be compatible with Countable::count(): int, or the #[\ReturnTypeWillChange] attribute should be used to temporarily suppress the notice in C:\xampp\htdocs\opencart\system\storage\vendor\twig\twig\src\Node\Node.php on line 161
2022-02-26 17:49:50 - PHP Unknown:  Return type of Twig\Node\Node::getIterator() should either be compatible with IteratorAggregate::getIterator(): Traversable, or the #[\ReturnTypeWillChange] attribute should be used to temporarily suppress the notice in C:\xampp\htdocs\opencart\system\storage\vendor\twig\twig\src\Node\Node.php on line 166
2022-02-26 17:50:27 - PHP Unknown:  Return type of Twig\Node\Node::count() should either be compatible with Countable::count(): int, or the #[\ReturnTypeWillChange] attribute should be used to temporarily suppress the notice in C:\xampp\htdocs\opencart\system\storage\vendor\twig\twig\src\Node\Node.php on line 161
2022-02-26 17:50:27 - PHP Unknown:  Return type of Twig\Node\Node::getIterator() should either be compatible with IteratorAggregate::getIterator(): Traversable, or the #[\ReturnTypeWillChange] attribute should be used to temporarily suppress the notice in C:\xampp\htdocs\opencart\system\storage\vendor\twig\twig\src\Node\Node.php on line 166
2022-02-26 17:54:59 - PHP Unknown:  Return type of Twig\Node\Node::count() should either be compatible with Countable::count(): int, or the #[\ReturnTypeWillChange] attribute should be used to temporarily suppress the notice in C:\xampp\htdocs\opencart\system\storage\vendor\twig\twig\src\Node\Node.php on line 161
2022-02-26 17:54:59 - PHP Unknown:  Return type of Twig\Node\Node::getIterator() should either be compatible with IteratorAggregate::getIterator(): Traversable, or the #[\ReturnTypeWillChange] attribute should be used to temporarily suppress the notice in C:\xampp\htdocs\opencart\system\storage\vendor\twig\twig\src\Node\Node.php on line 166
2022-02-26 17:55:02 - PHP Unknown:  Return type of Twig\Node\Node::count() should either be compatible with Countable::count(): int, or the #[\ReturnTypeWillChange] attribute should be used to temporarily suppress the notice in C:\xampp\htdocs\opencart\system\storage\vendor\twig\twig\src\Node\Node.php on line 161
2022-02-26 17:55:02 - PHP Unknown:  Return type of Twig\Node\Node::getIterator() should either be compatible with IteratorAggregate::getIterator(): Traversable, or the #[\ReturnTypeWillChange] attribute should be used to temporarily suppress the notice in C:\xampp\htdocs\opencart\system\storage\vendor\twig\twig\src\Node\Node.php on line 166
2022-02-26 17:56:42 - PHP Unknown:  Optional parameter $product_ids declared before required parameter $store_id is implicitly treated as a required parameter in C:\xampp\htdocs\opencart\admin\model\extension\advertise\google.php on line 341
2022-02-26 17:56:42 - PHP Unknown:  Optional parameter $data declared before required parameter $store_id is implicitly treated as a required parameter in C:\xampp\htdocs\opencart\admin\model\extension\advertise\google.php on line 413
2022-02-26 17:56:42 - PHP Warning:  googleshopping\Googleshopping::integer(): Argument #1 ($product_id) must be passed by reference, value given in C:\xampp\htdocs\opencart\system\library\googleshopping\googleshopping.php on line 583
2022-02-26 18:01:28 - PHP Unknown:  Optional parameter $product_ids declared before required parameter $store_id is implicitly treated as a required parameter in C:\xampp\htdocs\opencart\admin\model\extension\advertise\google.php on line 341
2022-02-26 18:01:28 - PHP Unknown:  Optional parameter $data declared before required parameter $store_id is implicitly treated as a required parameter in C:\xampp\htdocs\opencart\admin\model\extension\advertise\google.php on line 413
2022-02-26 18:01:28 - PHP Warning:  googleshopping\Googleshopping::integer(): Argument #1 ($product_id) must be passed by reference, value given in C:\xampp\htdocs\opencart\system\library\googleshopping\googleshopping.php on line 583
2022-02-26 18:01:28 - PHP Warning:  googleshopping\Googleshopping::integer(): Argument #1 ($product_id) must be passed by reference, value given in C:\xampp\htdocs\opencart\system\library\googleshopping\googleshopping.php on line 583
2022-02-26 18:01:28 - PHP Warning:  googleshopping\Googleshopping::integer(): Argument #1 ($product_id) must be passed by reference, value given in C:\xampp\htdocs\opencart\system\library\googleshopping\googleshopping.php on line 583
2022-02-26 18:06:49 - PHP Unknown:  Return type of Twig\Node\Node::count() should either be compatible with Countable::count(): int, or the #[\ReturnTypeWillChange] attribute should be used to temporarily suppress the notice in C:\xampp\htdocs\opencart\system\storage\vendor\twig\twig\src\Node\Node.php on line 161
2022-02-26 18:06:49 - PHP Unknown:  Return type of Twig\Node\Node::getIterator() should either be compatible with IteratorAggregate::getIterator(): Traversable, or the #[\ReturnTypeWillChange] attribute should be used to temporarily suppress the notice in C:\xampp\htdocs\opencart\system\storage\vendor\twig\twig\src\Node\Node.php on line 166
2022-02-26 18:24:30 - PHP Unknown:  Return type of Twig\Node\Node::count() should either be compatible with Countable::count(): int, or the #[\ReturnTypeWillChange] attribute should be used to temporarily suppress the notice in C:\xampp\htdocs\opencart\system\storage\vendor\twig\twig\src\Node\Node.php on line 161
2022-02-26 18:24:30 - PHP Unknown:  Return type of Twig\Node\Node::getIterator() should either be compatible with IteratorAggregate::getIterator(): Traversable, or the #[\ReturnTypeWillChange] attribute should be used to temporarily suppress the notice in C:\xampp\htdocs\opencart\system\storage\vendor\twig\twig\src\Node\Node.php on line 166
2022-02-26 18:25:53 - PHP Unknown:  Optional parameter $product_ids declared before required parameter $store_id is implicitly treated as a required parameter in C:\xampp\htdocs\opencart\admin\model\extension\advertise\google.php on line 341
2022-02-26 18:25:53 - PHP Unknown:  Optional parameter $data declared before required parameter $store_id is implicitly treated as a required parameter in C:\xampp\htdocs\opencart\admin\model\extension\advertise\google.php on line 413
2022-02-26 18:25:53 - PHP Warning:  googleshopping\Googleshopping::integer(): Argument #1 ($product_id) must be passed by reference, value given in C:\xampp\htdocs\opencart\system\library\googleshopping\googleshopping.php on line 583
2022-02-26 18:35:58 - PHP Unknown:  Optional parameter $product_ids declared before required parameter $store_id is implicitly treated as a required parameter in C:\xampp\htdocs\opencart\admin\model\extension\advertise\google.php on line 341
2022-02-26 18:35:58 - PHP Unknown:  Optional parameter $data declared before required parameter $store_id is implicitly treated as a required parameter in C:\xampp\htdocs\opencart\admin\model\extension\advertise\google.php on line 413
2022-02-26 18:35:58 - PHP Warning:  googleshopping\Googleshopping::integer(): Argument #1 ($product_id) must be passed by reference, value given in C:\xampp\htdocs\opencart\system\library\googleshopping\googleshopping.php on line 583
2022-02-26 18:36:11 - PHP Unknown:  mysqli::real_escape_string(): Passing null to parameter #1 ($string) of type string is deprecated in C:\xampp\htdocs\opencart\system\library\db\mysqli.php on line 53
2022-02-26 18:36:11 - PHP Unknown:  round(): Passing null to parameter #1 ($num) of type int|float is deprecated in C:\xampp\htdocs\opencart\catalog\model\catalog\product.php on line 45
2022-02-26 18:36:11 - PHP Unknown:  round(): Passing null to parameter #1 ($num) of type int|float is deprecated in C:\xampp\htdocs\opencart\catalog\model\catalog\product.php on line 45
2022-02-26 18:36:11 - PHP Unknown:  round(): Passing null to parameter #1 ($num) of type int|float is deprecated in C:\xampp\htdocs\opencart\catalog\model\catalog\product.php on line 45
2022-02-26 18:36:11 - PHP Unknown:  round(): Passing null to parameter #1 ($num) of type int|float is deprecated in C:\xampp\htdocs\opencart\catalog\model\catalog\product.php on line 45
2022-02-26 18:36:24 - PHP Unknown:  mysqli::real_escape_string(): Passing null to parameter #1 ($string) of type string is deprecated in C:\xampp\htdocs\opencart\system\library\db\mysqli.php on line 53
2022-02-26 18:36:24 - PHP Unknown:  round(): Passing null to parameter #1 ($num) of type int|float is deprecated in C:\xampp\htdocs\opencart\catalog\model\catalog\product.php on line 45
2022-02-26 18:36:24 - PHP Unknown:  round(): Passing null to parameter #1 ($num) of type int|float is deprecated in C:\xampp\htdocs\opencart\catalog\model\catalog\product.php on line 45
2022-02-26 18:36:24 - PHP Unknown:  Return type of Twig\Node\Node::count() should either be compatible with Countable::count(): int, or the #[\ReturnTypeWillChange] attribute should be used to temporarily suppress the notice in C:\xampp\htdocs\opencart\system\storage\vendor\twig\twig\src\Node\Node.php on line 161
2022-02-26 18:36:24 - PHP Unknown:  Return type of Twig\Node\Node::getIterator() should either be compatible with IteratorAggregate::getIterator(): Traversable, or the #[\ReturnTypeWillChange] attribute should be used to temporarily suppress the notice in C:\xampp\htdocs\opencart\system\storage\vendor\twig\twig\src\Node\Node.php on line 166
2022-02-26 18:44:34 - PHP Unknown:  Optional parameter $product_ids declared before required parameter $store_id is implicitly treated as a required parameter in C:\xampp\htdocs\opencart\admin\model\extension\advertise\google.php on line 341
2022-02-26 18:44:34 - PHP Unknown:  Optional parameter $data declared before required parameter $store_id is implicitly treated as a required parameter in C:\xampp\htdocs\opencart\admin\model\extension\advertise\google.php on line 413
2022-02-26 18:44:34 - PHP Warning:  googleshopping\Googleshopping::integer(): Argument #1 ($product_id) must be passed by reference, value given in C:\xampp\htdocs\opencart\system\library\googleshopping\googleshopping.php on line 583
2022-02-26 18:46:03 - PHP Unknown:  mysqli::real_escape_string(): Passing null to parameter #1 ($string) of type string is deprecated in C:\xampp\htdocs\opencart\system\library\db\mysqli.php on line 53
2022-02-26 18:46:03 - PHP Unknown:  round(): Passing null to parameter #1 ($num) of type int|float is deprecated in C:\xampp\htdocs\opencart\catalog\model\catalog\product.php on line 45
2022-02-26 18:46:03 - PHP Unknown:  round(): Passing null to parameter #1 ($num) of type int|float is deprecated in C:\xampp\htdocs\opencart\catalog\model\catalog\product.php on line 45
2022-02-26 18:46:03 - PHP Unknown:  round(): Passing null to parameter #1 ($num) of type int|float is deprecated in C:\xampp\htdocs\opencart\catalog\model\catalog\product.php on line 45
2022-02-26 18:46:03 - PHP Unknown:  round(): Passing null to parameter #1 ($num) of type int|float is deprecated in C:\xampp\htdocs\opencart\catalog\model\catalog\product.php on line 45
2022-02-26 18:47:02 - PHP Unknown:  mysqli::real_escape_string(): Passing null to parameter #1 ($string) of type string is deprecated in C:\xampp\htdocs\opencart\system\library\db\mysqli.php on line 53
2022-02-26 18:47:02 - PHP Unknown:  round(): Passing null to parameter #1 ($num) of type int|float is deprecated in C:\xampp\htdocs\opencart\catalog\model\catalog\product.php on line 45
2022-02-26 18:47:02 - PHP Unknown:  round(): Passing null to parameter #1 ($num) of type int|float is deprecated in C:\xampp\htdocs\opencart\catalog\model\catalog\product.php on line 45
2022-02-26 18:47:02 - PHP Unknown:  round(): Passing null to parameter #1 ($num) of type int|float is deprecated in C:\xampp\htdocs\opencart\catalog\model\catalog\product.php on line 45
2022-02-26 18:47:02 - PHP Unknown:  round(): Passing null to parameter #1 ($num) of type int|float is deprecated in C:\xampp\htdocs\opencart\catalog\model\catalog\product.php on line 45
2022-02-26 18:47:21 - PHP Unknown:  mysqli::real_escape_string(): Passing null to parameter #1 ($string) of type string is deprecated in C:\xampp\htdocs\opencart\system\library\db\mysqli.php on line 53
2022-02-26 18:47:21 - PHP Unknown:  round(): Passing null to parameter #1 ($num) of type int|float is deprecated in C:\xampp\htdocs\opencart\catalog\model\catalog\product.php on line 45
2022-02-26 18:47:21 - PHP Unknown:  round(): Passing null to parameter #1 ($num) of type int|float is deprecated in C:\xampp\htdocs\opencart\catalog\model\catalog\product.php on line 45
2022-02-26 18:47:21 - PHP Unknown:  round(): Passing null to parameter #1 ($num) of type int|float is deprecated in C:\xampp\htdocs\opencart\catalog\model\catalog\product.php on line 45
2022-02-26 18:47:21 - PHP Unknown:  round(): Passing null to parameter #1 ($num) of type int|float is deprecated in C:\xampp\htdocs\opencart\catalog\model\catalog\product.php on line 45
2022-02-26 18:47:24 - PHP Unknown:  mysqli::real_escape_string(): Passing null to parameter #1 ($string) of type string is deprecated in C:\xampp\htdocs\opencart\system\library\db\mysqli.php on line 53
2022-02-26 18:47:24 - PHP Unknown:  round(): Passing null to parameter #1 ($num) of type int|float is deprecated in C:\xampp\htdocs\opencart\catalog\model\catalog\product.php on line 45
2022-02-26 18:47:24 - PHP Unknown:  round(): Passing null to parameter #1 ($num) of type int|float is deprecated in C:\xampp\htdocs\opencart\catalog\model\catalog\product.php on line 45
2022-02-26 18:47:25 - PHP Unknown:  mysqli::real_escape_string(): Passing null to parameter #1 ($string) of type string is deprecated in C:\xampp\htdocs\opencart\system\library\db\mysqli.php on line 53
2022-02-26 18:47:25 - PHP Unknown:  round(): Passing null to parameter #1 ($num) of type int|float is deprecated in C:\xampp\htdocs\opencart\catalog\model\catalog\product.php on line 45
2022-02-26 18:47:25 - PHP Unknown:  round(): Passing null to parameter #1 ($num) of type int|float is deprecated in C:\xampp\htdocs\opencart\catalog\model\catalog\product.php on line 45
2022-02-26 18:47:25 - PHP Unknown:  round(): Passing null to parameter #1 ($num) of type int|float is deprecated in C:\xampp\htdocs\opencart\catalog\model\catalog\product.php on line 45
2022-02-26 18:47:27 - PHP Unknown:  mysqli::real_escape_string(): Passing null to parameter #1 ($string) of type string is deprecated in C:\xampp\htdocs\opencart\system\library\db\mysqli.php on line 53
2022-02-26 18:47:28 - PHP Unknown:  mysqli::real_escape_string(): Passing null to parameter #1 ($string) of type string is deprecated in C:\xampp\htdocs\opencart\system\library\db\mysqli.php on line 53
2022-02-26 18:47:28 - PHP Unknown:  round(): Passing null to parameter #1 ($num) of type int|float is deprecated in C:\xampp\htdocs\opencart\catalog\model\catalog\product.php on line 45
2022-02-26 18:47:31 - PHP Unknown:  mysqli::real_escape_string(): Passing null to parameter #1 ($string) of type string is deprecated in C:\xampp\htdocs\opencart\system\library\db\mysqli.php on line 53
2022-02-26 18:47:34 - PHP Unknown:  mysqli::real_escape_string(): Passing null to parameter #1 ($string) of type string is deprecated in C:\xampp\htdocs\opencart\system\library\db\mysqli.php on line 53
2022-02-26 18:47:34 - PHP Unknown:  round(): Passing null to parameter #1 ($num) of type int|float is deprecated in C:\xampp\htdocs\opencart\catalog\model\catalog\product.php on line 45
2022-02-26 18:47:34 - PHP Unknown:  round(): Passing null to parameter #1 ($num) of type int|float is deprecated in C:\xampp\htdocs\opencart\catalog\model\catalog\product.php on line 45
2022-02-26 18:47:38 - PHP Unknown:  mysqli::real_escape_string(): Passing null to parameter #1 ($string) of type string is deprecated in C:\xampp\htdocs\opencart\system\library\db\mysqli.php on line 53
2022-02-26 18:47:38 - PHP Unknown:  round(): Passing null to parameter #1 ($num) of type int|float is deprecated in C:\xampp\htdocs\opencart\catalog\model\catalog\product.php on line 45
2022-02-26 18:47:38 - PHP Unknown:  round(): Passing null to parameter #1 ($num) of type int|float is deprecated in C:\xampp\htdocs\opencart\catalog\model\catalog\product.php on line 45
2022-02-26 18:47:38 - PHP Unknown:  round(): Passing null to parameter #1 ($num) of type int|float is deprecated in C:\xampp\htdocs\opencart\catalog\model\catalog\product.php on line 45
2022-02-26 18:47:38 - PHP Unknown:  round(): Passing null to parameter #1 ($num) of type int|float is deprecated in C:\xampp\htdocs\opencart\catalog\model\catalog\product.php on line 45
2022-02-26 18:47:38 - PHP Unknown:  round(): Passing null to parameter #1 ($num) of type int|float is deprecated in C:\xampp\htdocs\opencart\catalog\model\catalog\product.php on line 45
2022-02-26 18:47:42 - PHP Unknown:  mysqli::real_escape_string(): Passing null to parameter #1 ($string) of type string is deprecated in C:\xampp\htdocs\opencart\system\library\db\mysqli.php on line 53
2022-02-26 18:47:42 - PHP Unknown:  round(): Passing null to parameter #1 ($num) of type int|float is deprecated in C:\xampp\htdocs\opencart\catalog\model\catalog\product.php on line 45
2022-02-26 18:47:42 - PHP Unknown:  round(): Passing null to parameter #1 ($num) of type int|float is deprecated in C:\xampp\htdocs\opencart\catalog\model\catalog\product.php on line 45
2022-02-26 18:47:42 - PHP Unknown:  round(): Passing null to parameter #1 ($num) of type int|float is deprecated in C:\xampp\htdocs\opencart\catalog\model\catalog\product.php on line 45
2022-02-26 18:47:42 - PHP Unknown:  round(): Passing null to parameter #1 ($num) of type int|float is deprecated in C:\xampp\htdocs\opencart\catalog\model\catalog\product.php on line 45
2022-02-26 18:47:42 - PHP Unknown:  round(): Passing null to parameter #1 ($num) of type int|float is deprecated in C:\xampp\htdocs\opencart\catalog\model\catalog\product.php on line 45
2022-02-26 18:47:42 - PHP Unknown:  round(): Passing null to parameter #1 ($num) of type int|float is deprecated in C:\xampp\htdocs\opencart\catalog\model\catalog\product.php on line 45
2022-02-26 18:47:42 - PHP Unknown:  round(): Passing null to parameter #1 ($num) of type int|float is deprecated in C:\xampp\htdocs\opencart\catalog\model\catalog\product.php on line 45
2022-02-26 18:47:42 - PHP Unknown:  round(): Passing null to parameter #1 ($num) of type int|float is deprecated in C:\xampp\htdocs\opencart\catalog\model\catalog\product.php on line 45
2022-02-26 18:47:42 - PHP Unknown:  round(): Passing null to parameter #1 ($num) of type int|float is deprecated in C:\xampp\htdocs\opencart\catalog\model\catalog\product.php on line 45
2022-02-26 18:47:42 - PHP Unknown:  round(): Passing null to parameter #1 ($num) of type int|float is deprecated in C:\xampp\htdocs\opencart\catalog\model\catalog\product.php on line 45
2022-02-26 18:47:42 - PHP Unknown:  round(): Passing null to parameter #1 ($num) of type int|float is deprecated in C:\xampp\htdocs\opencart\catalog\model\catalog\product.php on line 45
2022-02-26 18:47:42 - PHP Unknown:  round(): Passing null to parameter #1 ($num) of type int|float is deprecated in C:\xampp\htdocs\opencart\catalog\model\catalog\product.php on line 45
2022-02-26 18:48:41 - PHP Unknown:  mysqli::real_escape_string(): Passing null to parameter #1 ($string) of type string is deprecated in C:\xampp\htdocs\opencart\system\library\db\mysqli.php on line 53
2022-02-26 18:48:41 - PHP Unknown:  round(): Passing null to parameter #1 ($num) of type int|float is deprecated in C:\xampp\htdocs\opencart\catalog\model\catalog\product.php on line 45
2022-02-26 18:48:41 - PHP Unknown:  round(): Passing null to parameter #1 ($num) of type int|float is deprecated in C:\xampp\htdocs\opencart\catalog\model\catalog\product.php on line 45
2022-02-26 18:48:41 - PHP Unknown:  round(): Passing null to parameter #1 ($num) of type int|float is deprecated in C:\xampp\htdocs\opencart\catalog\model\catalog\product.php on line 45
2022-02-26 18:49:05 - PHP Unknown:  mysqli::real_escape_string(): Passing null to parameter #1 ($string) of type string is deprecated in C:\xampp\htdocs\opencart\system\library\db\mysqli.php on line 53
2022-02-26 18:49:05 - PHP Unknown:  round(): Passing null to parameter #1 ($num) of type int|float is deprecated in C:\xampp\htdocs\opencart\catalog\model\catalog\product.php on line 45
2022-02-26 18:49:05 - PHP Unknown:  Return type of Twig\Node\Node::count() should either be compatible with Countable::count(): int, or the #[\ReturnTypeWillChange] attribute should be used to temporarily suppress the notice in C:\xampp\htdocs\opencart\system\storage\vendor\twig\twig\src\Node\Node.php on line 161
2022-02-26 18:49:05 - PHP Unknown:  Return type of Twig\Node\Node::getIterator() should either be compatible with IteratorAggregate::getIterator(): Traversable, or the #[\ReturnTypeWillChange] attribute should be used to temporarily suppress the notice in C:\xampp\htdocs\opencart\system\storage\vendor\twig\twig\src\Node\Node.php on line 166
2022-02-26 18:49:06 - PHP Unknown:  mysqli::real_escape_string(): Passing null to parameter #1 ($string) of type string is deprecated in C:\xampp\htdocs\opencart\system\library\db\mysqli.php on line 53
2022-02-26 18:49:06 - PHP Unknown:  Return type of Twig\Node\Node::count() should either be compatible with Countable::count(): int, or the #[\ReturnTypeWillChange] attribute should be used to temporarily suppress the notice in C:\xampp\htdocs\opencart\system\storage\vendor\twig\twig\src\Node\Node.php on line 161
2022-02-26 18:49:06 - PHP Unknown:  Return type of Twig\Node\Node::getIterator() should either be compatible with IteratorAggregate::getIterator(): Traversable, or the #[\ReturnTypeWillChange] attribute should be used to temporarily suppress the notice in C:\xampp\htdocs\opencart\system\storage\vendor\twig\twig\src\Node\Node.php on line 166
2022-02-26 18:52:54 - PHP Unknown:  mysqli::real_escape_string(): Passing null to parameter #1 ($string) of type string is deprecated in C:\xampp\htdocs\opencart\system\library\db\mysqli.php on line 53
2022-02-26 18:52:54 - PHP Unknown:  round(): Passing null to parameter #1 ($num) of type int|float is deprecated in C:\xampp\htdocs\opencart\catalog\model\catalog\product.php on line 45
2022-02-26 18:52:54 - PHP Unknown:  mysqli::real_escape_string(): Passing null to parameter #1 ($string) of type string is deprecated in C:\xampp\htdocs\opencart\system\library\db\mysqli.php on line 53
2022-02-26 18:52:59 - PHP Unknown:  mysqli::real_escape_string(): Passing null to parameter #1 ($string) of type string is deprecated in C:\xampp\htdocs\opencart\system\library\db\mysqli.php on line 53
2022-02-26 18:52:59 - PHP Unknown:  round(): Passing null to parameter #1 ($num) of type int|float is deprecated in C:\xampp\htdocs\opencart\catalog\model\catalog\product.php on line 45
2022-02-26 18:52:59 - PHP Unknown:  mysqli::real_escape_string(): Passing null to parameter #1 ($string) of type string is deprecated in C:\xampp\htdocs\opencart\system\library\db\mysqli.php on line 53
2022-02-26 19:06:42 - PHP Unknown:  mysqli::real_escape_string(): Passing null to parameter #1 ($string) of type string is deprecated in C:\xampp\htdocs\opencart\system\library\db\mysqli.php on line 53
2022-02-26 19:06:42 - PHP Unknown:  round(): Passing null to parameter #1 ($num) of type int|float is deprecated in C:\xampp\htdocs\opencart\catalog\model\catalog\product.php on line 45
2022-02-26 19:06:42 - PHP Unknown:  round(): Passing null to parameter #1 ($num) of type int|float is deprecated in C:\xampp\htdocs\opencart\catalog\model\catalog\product.php on line 45
2022-02-26 19:06:42 - PHP Unknown:  round(): Passing null to parameter #1 ($num) of type int|float is deprecated in C:\xampp\htdocs\opencart\catalog\model\catalog\product.php on line 45
2022-02-26 19:06:42 - PHP Unknown:  round(): Passing null to parameter #1 ($num) of type int|float is deprecated in C:\xampp\htdocs\opencart\catalog\model\catalog\product.php on line 45
2022-02-26 19:06:56 - PHP Unknown:  mysqli::real_escape_string(): Passing null to parameter #1 ($string) of type string is deprecated in C:\xampp\htdocs\opencart\system\library\db\mysqli.php on line 53
2022-02-26 19:06:56 - PHP Unknown:  round(): Passing null to parameter #1 ($num) of type int|float is deprecated in C:\xampp\htdocs\opencart\catalog\model\catalog\product.php on line 45
2022-02-26 19:06:56 - PHP Unknown:  round(): Passing null to parameter #1 ($num) of type int|float is deprecated in C:\xampp\htdocs\opencart\catalog\model\catalog\product.php on line 45
2022-02-26 19:06:56 - PHP Unknown:  round(): Passing null to parameter #1 ($num) of type int|float is deprecated in C:\xampp\htdocs\opencart\catalog\model\catalog\product.php on line 45
2022-02-26 19:06:56 - PHP Unknown:  round(): Passing null to parameter #1 ($num) of type int|float is deprecated in C:\xampp\htdocs\opencart\catalog\model\catalog\product.php on line 45
2022-02-26 19:07:00 - PHP Unknown:  mysqli::real_escape_string(): Passing null to parameter #1 ($string) of type string is deprecated in C:\xampp\htdocs\opencart\system\library\db\mysqli.php on line 53
2022-02-26 19:07:00 - PHP Unknown:  round(): Passing null to parameter #1 ($num) of type int|float is deprecated in C:\xampp\htdocs\opencart\catalog\model\catalog\product.php on line 45
2022-02-26 19:07:00 - PHP Unknown:  Return type of Twig\Node\Node::count() should either be compatible with Countable::count(): int, or the #[\ReturnTypeWillChange] attribute should be used to temporarily suppress the notice in C:\xampp\htdocs\opencart\system\storage\vendor\twig\twig\src\Node\Node.php on line 161
2022-02-26 19:07:00 - PHP Unknown:  Return type of Twig\Node\Node::getIterator() should either be compatible with IteratorAggregate::getIterator(): Traversable, or the #[\ReturnTypeWillChange] attribute should be used to temporarily suppress the notice in C:\xampp\htdocs\opencart\system\storage\vendor\twig\twig\src\Node\Node.php on line 166
2022-02-26 19:07:01 - PHP Unknown:  mysqli::real_escape_string(): Passing null to parameter #1 ($string) of type string is deprecated in C:\xampp\htdocs\opencart\system\library\db\mysqli.php on line 53
2022-02-26 19:07:11 - PHP Unknown:  mysqli::real_escape_string(): Passing null to parameter #1 ($string) of type string is deprecated in C:\xampp\htdocs\opencart\system\library\db\mysqli.php on line 53
2022-02-26 19:07:11 - PHP Unknown:  round(): Passing null to parameter #1 ($num) of type int|float is deprecated in C:\xampp\htdocs\opencart\catalog\model\catalog\product.php on line 45
2022-02-26 19:07:11 - PHP Unknown:  mysqli::real_escape_string(): Passing null to parameter #1 ($string) of type string is deprecated in C:\xampp\htdocs\opencart\system\library\db\mysqli.php on line 53
2022-02-26 19:10:08 - PHP Unknown:  mysqli::real_escape_string(): Passing null to parameter #1 ($string) of type string is deprecated in C:\xampp\htdocs\opencart\system\library\db\mysqli.php on line 53
2022-02-26 19:10:08 - PHP Unknown:  round(): Passing null to parameter #1 ($num) of type int|float is deprecated in C:\xampp\htdocs\opencart\catalog\model\catalog\product.php on line 46
2022-02-26 19:10:08 - PHP Unknown:  round(): Passing null to parameter #1 ($num) of type int|float is deprecated in C:\xampp\htdocs\opencart\catalog\model\catalog\product.php on line 46
2022-02-26 19:10:08 - PHP Unknown:  round(): Passing null to parameter #1 ($num) of type int|float is deprecated in C:\xampp\htdocs\opencart\catalog\model\catalog\product.php on line 46
2022-02-26 19:10:08 - PHP Unknown:  round(): Passing null to parameter #1 ($num) of type int|float is deprecated in C:\xampp\htdocs\opencart\catalog\model\catalog\product.php on line 46
2022-02-26 19:10:11 - PHP Unknown:  mysqli::real_escape_string(): Passing null to parameter #1 ($string) of type string is deprecated in C:\xampp\htdocs\opencart\system\library\db\mysqli.php on line 53
2022-02-26 19:10:11 - PHP Unknown:  round(): Passing null to parameter #1 ($num) of type int|float is deprecated in C:\xampp\htdocs\opencart\catalog\model\catalog\product.php on line 46
2022-02-26 19:10:11 - PHP Unknown:  mysqli::real_escape_string(): Passing null to parameter #1 ($string) of type string is deprecated in C:\xampp\htdocs\opencart\system\library\db\mysqli.php on line 53
2022-02-26 19:11:30 - PHP Unknown:  mysqli::real_escape_string(): Passing null to parameter #1 ($string) of type string is deprecated in C:\xampp\htdocs\opencart\system\library\db\mysqli.php on line 53
2022-02-26 19:11:30 - PHP Unknown:  round(): Passing null to parameter #1 ($num) of type int|float is deprecated in C:\xampp\htdocs\opencart\catalog\model\catalog\product.php on line 46
2022-02-26 19:11:30 - PHP Unknown:  round(): Passing null to parameter #1 ($num) of type int|float is deprecated in C:\xampp\htdocs\opencart\catalog\model\catalog\product.php on line 46
2022-02-26 19:11:30 - PHP Unknown:  round(): Passing null to parameter #1 ($num) of type int|float is deprecated in C:\xampp\htdocs\opencart\catalog\model\catalog\product.php on line 46
2022-02-26 19:11:30 - PHP Unknown:  round(): Passing null to parameter #1 ($num) of type int|float is deprecated in C:\xampp\htdocs\opencart\catalog\model\catalog\product.php on line 46
2022-02-26 19:11:31 - PHP Unknown:  mysqli::real_escape_string(): Passing null to parameter #1 ($string) of type string is deprecated in C:\xampp\htdocs\opencart\system\library\db\mysqli.php on line 53
2022-02-26 19:11:31 - PHP Unknown:  round(): Passing null to parameter #1 ($num) of type int|float is deprecated in C:\xampp\htdocs\opencart\catalog\model\catalog\product.php on line 46
2022-02-26 19:11:32 - PHP Unknown:  mysqli::real_escape_string(): Passing null to parameter #1 ($string) of type string is deprecated in C:\xampp\htdocs\opencart\system\library\db\mysqli.php on line 53
2022-02-26 19:12:09 - PHP Unknown:  mysqli::real_escape_string(): Passing null to parameter #1 ($string) of type string is deprecated in C:\xampp\htdocs\opencart\system\library\db\mysqli.php on line 53
2022-02-26 19:12:09 - PHP Unknown:  round(): Passing null to parameter #1 ($num) of type int|float is deprecated in C:\xampp\htdocs\opencart\catalog\model\catalog\product.php on line 46
2022-02-26 19:12:09 - PHP Unknown:  mysqli::real_escape_string(): Passing null to parameter #1 ($string) of type string is deprecated in C:\xampp\htdocs\opencart\system\library\db\mysqli.php on line 53
2022-02-26 19:13:25 - PHP Unknown:  mysqli::real_escape_string(): Passing null to parameter #1 ($string) of type string is deprecated in C:\xampp\htdocs\opencart\system\library\db\mysqli.php on line 53
2022-02-26 19:13:25 - PHP Unknown:  round(): Passing null to parameter #1 ($num) of type int|float is deprecated in C:\xampp\htdocs\opencart\catalog\model\catalog\product.php on line 46
2022-02-26 19:13:25 - PHP Unknown:  Return type of Twig\Node\Node::count() should either be compatible with Countable::count(): int, or the #[\ReturnTypeWillChange] attribute should be used to temporarily suppress the notice in C:\xampp\htdocs\opencart\system\storage\vendor\twig\twig\src\Node\Node.php on line 161
2022-02-26 19:13:25 - PHP Unknown:  Return type of Twig\Node\Node::getIterator() should either be compatible with IteratorAggregate::getIterator(): Traversable, or the #[\ReturnTypeWillChange] attribute should be used to temporarily suppress the notice in C:\xampp\htdocs\opencart\system\storage\vendor\twig\twig\src\Node\Node.php on line 166
2022-02-26 19:13:25 - PHP Unknown:  mysqli::real_escape_string(): Passing null to parameter #1 ($string) of type string is deprecated in C:\xampp\htdocs\opencart\system\library\db\mysqli.php on line 53
2022-02-26 19:13:30 - PHP Unknown:  mysqli::real_escape_string(): Passing null to parameter #1 ($string) of type string is deprecated in C:\xampp\htdocs\opencart\system\library\db\mysqli.php on line 53
2022-02-26 19:13:31 - PHP Unknown:  round(): Passing null to parameter #1 ($num) of type int|float is deprecated in C:\xampp\htdocs\opencart\catalog\model\catalog\product.php on line 46
2022-02-26 19:13:31 - PHP Unknown:  round(): Passing null to parameter #1 ($num) of type int|float is deprecated in C:\xampp\htdocs\opencart\catalog\model\catalog\product.php on line 46
2022-02-26 19:13:31 - PHP Unknown:  round(): Passing null to parameter #1 ($num) of type int|float is deprecated in C:\xampp\htdocs\opencart\catalog\model\catalog\product.php on line 46
2022-02-26 19:13:31 - PHP Unknown:  round(): Passing null to parameter #1 ($num) of type int|float is deprecated in C:\xampp\htdocs\opencart\catalog\model\catalog\product.php on line 46
2022-02-26 19:13:38 - PHP Unknown:  mysqli::real_escape_string(): Passing null to parameter #1 ($string) of type string is deprecated in C:\xampp\htdocs\opencart\system\library\db\mysqli.php on line 53
2022-02-26 19:13:38 - PHP Unknown:  round(): Passing null to parameter #1 ($num) of type int|float is deprecated in C:\xampp\htdocs\opencart\catalog\model\catalog\product.php on line 46
2022-02-26 19:13:38 - PHP Unknown:  round(): Passing null to parameter #1 ($num) of type int|float is deprecated in C:\xampp\htdocs\opencart\catalog\model\catalog\product.php on line 46
2022-02-26 19:13:38 - PHP Unknown:  round(): Passing null to parameter #1 ($num) of type int|float is deprecated in C:\xampp\htdocs\opencart\catalog\model\catalog\product.php on line 46
2022-02-26 19:13:38 - PHP Unknown:  round(): Passing null to parameter #1 ($num) of type int|float is deprecated in C:\xampp\htdocs\opencart\catalog\model\catalog\product.php on line 46
2022-02-26 19:13:41 - PHP Unknown:  mysqli::real_escape_string(): Passing null to parameter #1 ($string) of type string is deprecated in C:\xampp\htdocs\opencart\system\library\db\mysqli.php on line 53
2022-02-26 19:13:41 - PHP Unknown:  round(): Passing null to parameter #1 ($num) of type int|float is deprecated in C:\xampp\htdocs\opencart\catalog\model\catalog\product.php on line 46
2022-02-26 19:13:41 - PHP Unknown:  mysqli::real_escape_string(): Passing null to parameter #1 ($string) of type string is deprecated in C:\xampp\htdocs\opencart\system\library\db\mysqli.php on line 53
2022-02-26 19:14:36 - PHP Unknown:  mysqli::real_escape_string(): Passing null to parameter #1 ($string) of type string is deprecated in C:\xampp\htdocs\opencart\system\library\db\mysqli.php on line 53
2022-02-26 19:14:36 - PHP Unknown:  round(): Passing null to parameter #1 ($num) of type int|float is deprecated in C:\xampp\htdocs\opencart\catalog\model\catalog\product.php on line 46
2022-02-26 19:14:37 - PHP Unknown:  mysqli::real_escape_string(): Passing null to parameter #1 ($string) of type string is deprecated in C:\xampp\htdocs\opencart\system\library\db\mysqli.php on line 53
2022-02-26 19:27:10 - PHP Unknown:  mysqli::real_escape_string(): Passing null to parameter #1 ($string) of type string is deprecated in C:\xampp\htdocs\opencart\system\library\db\mysqli.php on line 53
2022-02-26 19:27:10 - PHP Unknown:  round(): Passing null to parameter #1 ($num) of type int|float is deprecated in C:\xampp\htdocs\opencart\catalog\model\catalog\product.php on line 46
2022-02-26 19:27:11 - PHP Unknown:  mysqli::real_escape_string(): Passing null to parameter #1 ($string) of type string is deprecated in C:\xampp\htdocs\opencart\system\library\db\mysqli.php on line 53
2022-02-26 19:27:15 - PHP Unknown:  mysqli::real_escape_string(): Passing null to parameter #1 ($string) of type string is deprecated in C:\xampp\htdocs\opencart\system\library\db\mysqli.php on line 53
2022-02-26 19:27:15 - PHP Unknown:  round(): Passing null to parameter #1 ($num) of type int|float is deprecated in C:\xampp\htdocs\opencart\catalog\model\catalog\product.php on line 46
2022-02-26 19:27:15 - PHP Unknown:  round(): Passing null to parameter #1 ($num) of type int|float is deprecated in C:\xampp\htdocs\opencart\catalog\model\catalog\product.php on line 46
2022-02-26 19:27:15 - PHP Unknown:  round(): Passing null to parameter #1 ($num) of type int|float is deprecated in C:\xampp\htdocs\opencart\catalog\model\catalog\product.php on line 46
2022-02-26 19:27:15 - PHP Unknown:  round(): Passing null to parameter #1 ($num) of type int|float is deprecated in C:\xampp\htdocs\opencart\catalog\model\catalog\product.php on line 46
2022-02-26 19:27:17 - PHP Unknown:  mysqli::real_escape_string(): Passing null to parameter #1 ($string) of type string is deprecated in C:\xampp\htdocs\opencart\system\library\db\mysqli.php on line 53
2022-02-26 19:27:17 - PHP Unknown:  round(): Passing null to parameter #1 ($num) of type int|float is deprecated in C:\xampp\htdocs\opencart\catalog\model\catalog\product.php on line 46
2022-02-26 19:27:17 - PHP Unknown:  mysqli::real_escape_string(): Passing null to parameter #1 ($string) of type string is deprecated in C:\xampp\htdocs\opencart\system\library\db\mysqli.php on line 53
2022-02-26 19:27:59 - PHP Unknown:  mysqli::real_escape_string(): Passing null to parameter #1 ($string) of type string is deprecated in C:\xampp\htdocs\opencart\system\library\db\mysqli.php on line 53
2022-02-26 19:27:59 - PHP Unknown:  round(): Passing null to parameter #1 ($num) of type int|float is deprecated in C:\xampp\htdocs\opencart\catalog\model\catalog\product.php on line 46
2022-02-26 19:27:59 - PHP Unknown:  mysqli::real_escape_string(): Passing null to parameter #1 ($string) of type string is deprecated in C:\xampp\htdocs\opencart\system\library\db\mysqli.php on line 53
2022-02-26 19:28:02 - PHP Unknown:  mysqli::real_escape_string(): Passing null to parameter #1 ($string) of type string is deprecated in C:\xampp\htdocs\opencart\system\library\db\mysqli.php on line 53
2022-02-26 19:28:02 - PHP Unknown:  round(): Passing null to parameter #1 ($num) of type int|float is deprecated in C:\xampp\htdocs\opencart\catalog\model\catalog\product.php on line 46
2022-02-26 19:28:02 - PHP Unknown:  round(): Passing null to parameter #1 ($num) of type int|float is deprecated in C:\xampp\htdocs\opencart\catalog\model\catalog\product.php on line 46
2022-02-26 19:28:02 - PHP Unknown:  round(): Passing null to parameter #1 ($num) of type int|float is deprecated in C:\xampp\htdocs\opencart\catalog\model\catalog\product.php on line 46
2022-02-26 19:28:02 - PHP Unknown:  round(): Passing null to parameter #1 ($num) of type int|float is deprecated in C:\xampp\htdocs\opencart\catalog\model\catalog\product.php on line 46
2022-02-26 19:28:04 - PHP Unknown:  mysqli::real_escape_string(): Passing null to parameter #1 ($string) of type string is deprecated in C:\xampp\htdocs\opencart\system\library\db\mysqli.php on line 53
2022-02-26 19:28:04 - PHP Unknown:  round(): Passing null to parameter #1 ($num) of type int|float is deprecated in C:\xampp\htdocs\opencart\catalog\model\catalog\product.php on line 46
2022-02-26 19:28:04 - PHP Unknown:  mysqli::real_escape_string(): Passing null to parameter #1 ($string) of type string is deprecated in C:\xampp\htdocs\opencart\system\library\db\mysqli.php on line 53
2022-02-26 19:31:18 - PHP Unknown:  mysqli::real_escape_string(): Passing null to parameter #1 ($string) of type string is deprecated in C:\xampp\htdocs\opencart\system\library\db\mysqli.php on line 53
2022-02-26 19:31:18 - PHP Unknown:  round(): Passing null to parameter #1 ($num) of type int|float is deprecated in C:\xampp\htdocs\opencart\catalog\model\catalog\product.php on line 46
2022-02-26 19:31:18 - PHP Unknown:  mysqli::real_escape_string(): Passing null to parameter #1 ($string) of type string is deprecated in C:\xampp\htdocs\opencart\system\library\db\mysqli.php on line 53
2022-02-26 19:47:41 - PHP Unknown:  mysqli::real_escape_string(): Passing null to parameter #1 ($string) of type string is deprecated in C:\xampp\htdocs\opencart\system\library\db\mysqli.php on line 53
2022-02-26 19:47:41 - PHP Unknown:  round(): Passing null to parameter #1 ($num) of type int|float is deprecated in C:\xampp\htdocs\opencart\catalog\model\catalog\product.php on line 46
2022-02-26 19:47:42 - PHP Unknown:  mysqli::real_escape_string(): Passing null to parameter #1 ($string) of type string is deprecated in C:\xampp\htdocs\opencart\system\library\db\mysqli.php on line 53
2022-02-26 19:49:33 - PHP Unknown:  mysqli::real_escape_string(): Passing null to parameter #1 ($string) of type string is deprecated in C:\xampp\htdocs\opencart\system\library\db\mysqli.php on line 53
2022-02-26 19:49:33 - PHP Unknown:  round(): Passing null to parameter #1 ($num) of type int|float is deprecated in C:\xampp\htdocs\opencart\catalog\model\catalog\product.php on line 46
2022-02-26 19:49:33 - PHP Unknown:  mysqli::real_escape_string(): Passing null to parameter #1 ($string) of type string is deprecated in C:\xampp\htdocs\opencart\system\library\db\mysqli.php on line 53
2022-02-26 19:49:37 - PHP Unknown:  mysqli::real_escape_string(): Passing null to parameter #1 ($string) of type string is deprecated in C:\xampp\htdocs\opencart\system\library\db\mysqli.php on line 53
2022-02-26 19:49:37 - PHP Unknown:  round(): Passing null to parameter #1 ($num) of type int|float is deprecated in C:\xampp\htdocs\opencart\catalog\model\catalog\product.php on line 46
2022-02-26 19:49:37 - PHP Unknown:  mysqli::real_escape_string(): Passing null to parameter #1 ($string) of type string is deprecated in C:\xampp\htdocs\opencart\system\library\db\mysqli.php on line 53
2022-02-26 19:51:08 - PHP Unknown:  mysqli::real_escape_string(): Passing null to parameter #1 ($string) of type string is deprecated in C:\xampp\htdocs\opencart\system\library\db\mysqli.php on line 53
2022-02-26 19:51:08 - PHP Unknown:  round(): Passing null to parameter #1 ($num) of type int|float is deprecated in C:\xampp\htdocs\opencart\catalog\model\catalog\product.php on line 46
2022-02-26 19:51:08 - PHP Unknown:  mysqli::real_escape_string(): Passing null to parameter #1 ($string) of type string is deprecated in C:\xampp\htdocs\opencart\system\library\db\mysqli.php on line 53
2022-02-26 19:52:17 - PHP Unknown:  mysqli::real_escape_string(): Passing null to parameter #1 ($string) of type string is deprecated in C:\xampp\htdocs\opencart\system\library\db\mysqli.php on line 53
2022-02-26 19:52:17 - PHP Warning:  Undefined array key "rating" in C:\xampp\htdocs\opencart\catalog\controller\product\product.php on line 382
2022-02-26 19:52:17 - PHP Unknown:  mysqli::real_escape_string(): Passing null to parameter #1 ($string) of type string is deprecated in C:\xampp\htdocs\opencart\system\library\db\mysqli.php on line 53
2022-02-26 19:52:46 - PHP Unknown:  mysqli::real_escape_string(): Passing null to parameter #1 ($string) of type string is deprecated in C:\xampp\htdocs\opencart\system\library\db\mysqli.php on line 53
2022-02-26 19:52:50 - PHP Unknown:  mysqli::real_escape_string(): Passing null to parameter #1 ($string) of type string is deprecated in C:\xampp\htdocs\opencart\system\library\db\mysqli.php on line 53
2022-02-26 19:52:50 - PHP Warning:  Undefined array key "rating" in C:\xampp\htdocs\opencart\catalog\controller\product\product.php on line 382
2022-02-26 19:52:51 - PHP Unknown:  mysqli::real_escape_string(): Passing null to parameter #1 ($string) of type string is deprecated in C:\xampp\htdocs\opencart\system\library\db\mysqli.php on line 53
2022-02-26 19:56:26 - PHP Unknown:  mysqli::real_escape_string(): Passing null to parameter #1 ($string) of type string is deprecated in C:\xampp\htdocs\opencart\system\library\db\mysqli.php on line 53
2022-02-26 19:56:26 - PHP Warning:  Undefined array key "rating" in C:\xampp\htdocs\opencart\catalog\controller\extension\module\featured.php on line 50
2022-02-26 19:56:26 - PHP Warning:  Undefined array key "rating" in C:\xampp\htdocs\opencart\catalog\controller\extension\module\featured.php on line 50
2022-02-26 19:56:26 - PHP Warning:  Undefined array key "rating" in C:\xampp\htdocs\opencart\catalog\controller\extension\module\featured.php on line 50
2022-02-26 19:56:26 - PHP Warning:  Undefined array key "rating" in C:\xampp\htdocs\opencart\catalog\controller\extension\module\featured.php on line 50
2022-02-26 19:56:37 - PHP Unknown:  mysqli::real_escape_string(): Passing null to parameter #1 ($string) of type string is deprecated in C:\xampp\htdocs\opencart\system\library\db\mysqli.php on line 53
2022-02-26 19:56:37 - PHP Warning:  Undefined array key "rating" in C:\xampp\htdocs\opencart\catalog\controller\product\category.php on line 193
2022-02-26 19:56:37 - PHP Warning:  Undefined array key "rating" in C:\xampp\htdocs\opencart\catalog\controller\product\category.php on line 207
2022-02-26 19:56:37 - PHP Warning:  Undefined array key "rating" in C:\xampp\htdocs\opencart\catalog\controller\product\category.php on line 193
2022-02-26 19:56:37 - PHP Warning:  Undefined array key "rating" in C:\xampp\htdocs\opencart\catalog\controller\product\category.php on line 207
2022-02-26 19:56:37 - PHP Warning:  Undefined array key "rating" in C:\xampp\htdocs\opencart\catalog\controller\product\category.php on line 193
2022-02-26 19:56:37 - PHP Warning:  Undefined array key "rating" in C:\xampp\htdocs\opencart\catalog\controller\product\category.php on line 207
2022-02-26 19:56:37 - PHP Warning:  Undefined array key "rating" in C:\xampp\htdocs\opencart\catalog\controller\product\category.php on line 193
2022-02-26 19:56:37 - PHP Warning:  Undefined array key "rating" in C:\xampp\htdocs\opencart\catalog\controller\product\category.php on line 207
2022-02-26 19:56:44 - PHP Unknown:  mysqli::real_escape_string(): Passing null to parameter #1 ($string) of type string is deprecated in C:\xampp\htdocs\opencart\system\library\db\mysqli.php on line 53
2022-02-26 19:56:44 - PHP Warning:  Undefined array key "rating" in C:\xampp\htdocs\opencart\catalog\controller\product\product.php on line 382
2022-02-26 19:56:44 - PHP Unknown:  mysqli::real_escape_string(): Passing null to parameter #1 ($string) of type string is deprecated in C:\xampp\htdocs\opencart\system\library\db\mysqli.php on line 53
2022-02-26 19:59:14 - PHP Unknown:  mysqli::real_escape_string(): Passing null to parameter #1 ($string) of type string is deprecated in C:\xampp\htdocs\opencart\system\library\db\mysqli.php on line 53
2022-02-26 19:59:14 - PHP Warning:  Undefined array key "rating" in C:\xampp\htdocs\opencart\catalog\controller\product\product.php on line 382
2022-02-26 19:59:14 - PHP Unknown:  Return type of Twig\Node\Node::count() should either be compatible with Countable::count(): int, or the #[\ReturnTypeWillChange] attribute should be used to temporarily suppress the notice in C:\xampp\htdocs\opencart\system\storage\vendor\twig\twig\src\Node\Node.php on line 161
2022-02-26 19:59:14 - PHP Unknown:  Return type of Twig\Node\Node::getIterator() should either be compatible with IteratorAggregate::getIterator(): Traversable, or the #[\ReturnTypeWillChange] attribute should be used to temporarily suppress the notice in C:\xampp\htdocs\opencart\system\storage\vendor\twig\twig\src\Node\Node.php on line 166
2022-02-26 19:59:14 - PHP Unknown:  mysqli::real_escape_string(): Passing null to parameter #1 ($string) of type string is deprecated in C:\xampp\htdocs\opencart\system\library\db\mysqli.php on line 53
2022-02-26 19:59:30 - PHP Unknown:  mysqli::real_escape_string(): Passing null to parameter #1 ($string) of type string is deprecated in C:\xampp\htdocs\opencart\system\library\db\mysqli.php on line 53
2022-02-26 19:59:30 - PHP Warning:  Undefined array key "rating" in C:\xampp\htdocs\opencart\catalog\controller\product\product.php on line 382
2022-02-26 19:59:31 - PHP Unknown:  mysqli::real_escape_string(): Passing null to parameter #1 ($string) of type string is deprecated in C:\xampp\htdocs\opencart\system\library\db\mysqli.php on line 53
2022-02-26 19:59:51 - PHP Unknown:  mysqli::real_escape_string(): Passing null to parameter #1 ($string) of type string is deprecated in C:\xampp\htdocs\opencart\system\library\db\mysqli.php on line 53
2022-02-26 19:59:51 - PHP Warning:  Undefined array key "rating" in C:\xampp\htdocs\opencart\catalog\controller\product\product.php on line 382
2022-02-26 19:59:51 - PHP Unknown:  mysqli::real_escape_string(): Passing null to parameter #1 ($string) of type string is deprecated in C:\xampp\htdocs\opencart\system\library\db\mysqli.php on line 53
2022-02-26 20:00:07 - PHP Unknown:  mysqli::real_escape_string(): Passing null to parameter #1 ($string) of type string is deprecated in C:\xampp\htdocs\opencart\system\library\db\mysqli.php on line 53
2022-02-26 20:00:07 - PHP Warning:  Undefined array key "rating" in C:\xampp\htdocs\opencart\catalog\controller\extension\module\featured.php on line 50
2022-02-26 20:00:07 - PHP Warning:  Undefined array key "rating" in C:\xampp\htdocs\opencart\catalog\controller\extension\module\featured.php on line 50
2022-02-26 20:00:07 - PHP Warning:  Undefined array key "rating" in C:\xampp\htdocs\opencart\catalog\controller\extension\module\featured.php on line 50
2022-02-26 20:00:07 - PHP Warning:  Undefined array key "rating" in C:\xampp\htdocs\opencart\catalog\controller\extension\module\featured.php on line 50
2022-02-26 20:00:43 - PHP Unknown:  mysqli::real_escape_string(): Passing null to parameter #1 ($string) of type string is deprecated in C:\xampp\htdocs\opencart\system\library\db\mysqli.php on line 53
2022-02-26 20:00:43 - PHP Warning:  Undefined array key "rating" in C:\xampp\htdocs\opencart\catalog\controller\product\product.php on line 382
2022-02-26 20:00:43 - PHP Unknown:  mysqli::real_escape_string(): Passing null to parameter #1 ($string) of type string is deprecated in C:\xampp\htdocs\opencart\system\library\db\mysqli.php on line 53
2022-02-26 20:15:43 - PHP Unknown:  mysqli::real_escape_string(): Passing null to parameter #1 ($string) of type string is deprecated in C:\xampp\htdocs\opencart\system\library\db\mysqli.php on line 53
2022-02-26 20:15:43 - PHP Warning:  Undefined array key "rating" in C:\xampp\htdocs\opencart\catalog\controller\product\product.php on line 382
2022-02-26 20:15:43 - PHP Unknown:  Return type of Twig\Node\Node::count() should either be compatible with Countable::count(): int, or the #[\ReturnTypeWillChange] attribute should be used to temporarily suppress the notice in C:\xampp\htdocs\opencart\system\storage\vendor\twig\twig\src\Node\Node.php on line 161
2022-02-26 20:15:43 - PHP Unknown:  Return type of Twig\Node\Node::getIterator() should either be compatible with IteratorAggregate::getIterator(): Traversable, or the #[\ReturnTypeWillChange] attribute should be used to temporarily suppress the notice in C:\xampp\htdocs\opencart\system\storage\vendor\twig\twig\src\Node\Node.php on line 166
2022-02-26 20:15:43 - PHP Unknown:  mysqli::real_escape_string(): Passing null to parameter #1 ($string) of type string is deprecated in C:\xampp\htdocs\opencart\system\library\db\mysqli.php on line 53
2022-02-26 20:15:46 - PHP Unknown:  mysqli::real_escape_string(): Passing null to parameter #1 ($string) of type string is deprecated in C:\xampp\htdocs\opencart\system\library\db\mysqli.php on line 53
2022-02-26 20:15:46 - PHP Warning:  Undefined array key "rating" in C:\xampp\htdocs\opencart\catalog\controller\extension\module\featured.php on line 50
2022-02-26 20:15:46 - PHP Warning:  Undefined array key "rating" in C:\xampp\htdocs\opencart\catalog\controller\extension\module\featured.php on line 50
2022-02-26 20:15:46 - PHP Warning:  Undefined array key "rating" in C:\xampp\htdocs\opencart\catalog\controller\extension\module\featured.php on line 50
2022-02-26 20:15:46 - PHP Warning:  Undefined array key "rating" in C:\xampp\htdocs\opencart\catalog\controller\extension\module\featured.php on line 50
2022-02-26 20:15:51 - PHP Unknown:  mysqli::real_escape_string(): Passing null to parameter #1 ($string) of type string is deprecated in C:\xampp\htdocs\opencart\system\library\db\mysqli.php on line 53
2022-02-26 20:15:51 - PHP Warning:  Undefined array key "rating" in C:\xampp\htdocs\opencart\catalog\controller\product\category.php on line 193
2022-02-26 20:15:51 - PHP Warning:  Undefined array key "rating" in C:\xampp\htdocs\opencart\catalog\controller\product\category.php on line 207
2022-02-26 20:15:51 - PHP Warning:  Undefined array key "rating" in C:\xampp\htdocs\opencart\catalog\controller\product\category.php on line 193
2022-02-26 20:15:51 - PHP Warning:  Undefined array key "rating" in C:\xampp\htdocs\opencart\catalog\controller\product\category.php on line 207
2022-02-26 20:15:51 - PHP Warning:  Undefined array key "rating" in C:\xampp\htdocs\opencart\catalog\controller\product\category.php on line 193
2022-02-26 20:15:51 - PHP Warning:  Undefined array key "rating" in C:\xampp\htdocs\opencart\catalog\controller\product\category.php on line 207
2022-02-26 20:15:52 - PHP Unknown:  mysqli::real_escape_string(): Passing null to parameter #1 ($string) of type string is deprecated in C:\xampp\htdocs\opencart\system\library\db\mysqli.php on line 53
2022-02-26 20:15:52 - PHP Warning:  Undefined array key "rating" in C:\xampp\htdocs\opencart\catalog\controller\product\category.php on line 193
2022-02-26 20:15:52 - PHP Warning:  Undefined array key "rating" in C:\xampp\htdocs\opencart\catalog\controller\product\category.php on line 207
2022-02-26 20:15:52 - PHP Warning:  Undefined array key "rating" in C:\xampp\htdocs\opencart\catalog\controller\product\category.php on line 193
2022-02-26 20:15:52 - PHP Warning:  Undefined array key "rating" in C:\xampp\htdocs\opencart\catalog\controller\product\category.php on line 207
2022-02-26 20:15:52 - PHP Warning:  Undefined array key "rating" in C:\xampp\htdocs\opencart\catalog\controller\product\category.php on line 193
2022-02-26 20:15:52 - PHP Warning:  Undefined array key "rating" in C:\xampp\htdocs\opencart\catalog\controller\product\category.php on line 207
2022-02-26 20:15:52 - PHP Warning:  Undefined array key "rating" in C:\xampp\htdocs\opencart\catalog\controller\product\category.php on line 193
2022-02-26 20:15:52 - PHP Warning:  Undefined array key "rating" in C:\xampp\htdocs\opencart\catalog\controller\product\category.php on line 207
2022-02-26 20:15:53 - PHP Unknown:  mysqli::real_escape_string(): Passing null to parameter #1 ($string) of type string is deprecated in C:\xampp\htdocs\opencart\system\library\db\mysqli.php on line 53
2022-02-26 20:15:53 - PHP Warning:  Undefined array key "rating" in C:\xampp\htdocs\opencart\catalog\controller\product\product.php on line 382
2022-02-26 20:15:54 - PHP Unknown:  mysqli::real_escape_string(): Passing null to parameter #1 ($string) of type string is deprecated in C:\xampp\htdocs\opencart\system\library\db\mysqli.php on line 53
2022-02-27 8:40:33 - PHP Warning:  mysqli::__construct(): Error while reading greeting packet. PID=14952 in C:\xampp\htdocs\opencart\system\library\db\mysqli.php on line 8
